<?xml version="1.0" encoding="UTF-8"?>
<!-- Generated by org.testng.reporters.JUnitReportReporter -->
<testsuite hostname="DELRAMANKUMAR" name="selenium_training.Handle_WebTables" tests="1" failures="0" timestamp="13 Jan 2020 11:43:51 GMT" time="22.447" errors="0">
  <testcase name="test_01" time="22.447" classname="selenium_training.Handle_WebTables"/>
</testsuite> <!-- selenium_training.Handle_WebTables -->
