<?xml version="1.0" encoding="UTF-8"?>
<!-- Generated by org.testng.reporters.JUnitReportReporter -->
<testsuite hostname="DELRAMANKUMAR" name="selenium_practice.practice_session.PageTest" tests="1" failures="0" timestamp="3 Jan 2020 09:06:14 GMT" time="12.474" errors="0">
  <testcase name="Test_01" time="12.474" classname="selenium_practice.practice_session.PageTest"/>
</testsuite> <!-- selenium_practice.practice_session.PageTest -->
