<?xml version="1.0" encoding="UTF-8"?>
<!-- Generated by org.testng.reporters.JUnitReportReporter -->
<testsuite hostname="DELRAMANKUMAR" name="selenium_training.Handling_Window_01" tests="1" failures="0" timestamp="9 Jan 2020 15:52:36 GMT" time="24.800" errors="0">
  <testcase name="test_01" time="24.800" classname="selenium_training.Handling_Window_01"/>
</testsuite> <!-- selenium_training.Handling_Window_01 -->
