<?xml version="1.0" encoding="UTF-8"?>
<!-- Generated by org.testng.reporters.JUnitReportReporter -->
<testsuite hostname="DELRAMANKUMAR" name="selenium_training.ActionClass_Concept" tests="1" failures="0" timestamp="8 Jan 2020 15:12:19 GMT" time="37.213" errors="0">
  <testcase name="test_01" time="37.213" classname="selenium_training.ActionClass_Concept"/>
</testsuite> <!-- selenium_training.ActionClass_Concept -->
